<?xml version="1.0" encoding="UTF-8"?>
<testng-results ignored="0" total="3" passed="3" failed="0" skipped="0">
  <reporter-output>
  </reporter-output>
  <suite started-at="2022-08-09T00:22:12 IST" name="Default suite" finished-at="2022-08-09T00:24:02 IST" duration-ms="110617">
    <groups>
    </groups>
    <test started-at="2022-08-09T00:22:12 IST" name="Default test" finished-at="2022-08-09T00:24:02 IST" duration-ms="110617">
      <class name="TestJava.LoginePageTest">
        <test-method is-config="true" signature="WebBrowserLaunching()[pri:0, instance:TestJava.LoginePageTest@49c7b90e]" started-at="2022-08-09T00:22:12 IST" name="WebBrowserLaunching" finished-at="2022-08-09T00:22:48 IST" duration-ms="36258" status="PASS">
          <reporter-output>
          </reporter-output>
        </test-method> <!-- WebBrowserLaunching -->
        <test-method is-config="true" signature="allPageObject()[pri:0, instance:TestJava.LoginePageTest@49c7b90e]" started-at="2022-08-09T00:22:48 IST" name="allPageObject" finished-at="2022-08-09T00:22:48 IST" duration-ms="34" status="PASS">
          <reporter-output>
          </reporter-output>
        </test-method> <!-- allPageObject -->
        <test-method signature="verifyurlOfPage()[pri:-1, instance:TestJava.LoginePageTest@49c7b90e]" started-at="2022-08-09T00:22:48 IST" name="verifyurlOfPage" finished-at="2022-08-09T00:22:48 IST" duration-ms="16" status="PASS">
          <reporter-output>
          </reporter-output>
        </test-method> <!-- verifyurlOfPage -->
        <test-method is-config="true" signature="tearDown()[pri:0, instance:TestJava.LoginePageTest@49c7b90e]" started-at="2022-08-09T00:22:48 IST" name="tearDown" finished-at="2022-08-09T00:22:48 IST" duration-ms="0" status="PASS">
          <reporter-output>
          </reporter-output>
        </test-method> <!-- tearDown -->
        <test-method is-config="true" signature="allPageObject()[pri:0, instance:TestJava.LoginePageTest@49c7b90e]" started-at="2022-08-09T00:22:48 IST" name="allPageObject" finished-at="2022-08-09T00:22:48 IST" duration-ms="2" status="PASS">
          <reporter-output>
          </reporter-output>
        </test-method> <!-- allPageObject -->
        <test-method signature="verifyTitleOfPage()[pri:0, instance:TestJava.LoginePageTest@49c7b90e]" started-at="2022-08-09T00:22:48 IST" name="verifyTitleOfPage" finished-at="2022-08-09T00:22:48 IST" duration-ms="11" status="PASS">
          <reporter-output>
          </reporter-output>
        </test-method> <!-- verifyTitleOfPage -->
        <test-method is-config="true" signature="tearDown()[pri:0, instance:TestJava.LoginePageTest@49c7b90e]" started-at="2022-08-09T00:22:48 IST" name="tearDown" finished-at="2022-08-09T00:22:48 IST" duration-ms="0" status="PASS">
          <reporter-output>
          </reporter-output>
        </test-method> <!-- tearDown -->
        <test-method is-config="true" signature="allPageObject()[pri:0, instance:TestJava.LoginePageTest@49c7b90e]" started-at="2022-08-09T00:22:48 IST" name="allPageObject" finished-at="2022-08-09T00:22:48 IST" duration-ms="2" status="PASS">
          <reporter-output>
          </reporter-output>
        </test-method> <!-- allPageObject -->
        <test-method signature="VerifyLogineFunctionality()[pri:1, instance:TestJava.LoginePageTest@49c7b90e]" started-at="2022-08-09T00:22:48 IST" name="VerifyLogineFunctionality" finished-at="2022-08-09T00:24:02 IST" duration-ms="74242" status="PASS">
          <reporter-output>
          </reporter-output>
        </test-method> <!-- VerifyLogineFunctionality -->
        <test-method is-config="true" signature="tearDown()[pri:0, instance:TestJava.LoginePageTest@49c7b90e]" started-at="2022-08-09T00:24:02 IST" name="tearDown" finished-at="2022-08-09T00:24:02 IST" duration-ms="0" status="PASS">
          <reporter-output>
          </reporter-output>
        </test-method> <!-- tearDown -->
      </class> <!-- TestJava.LoginePageTest -->
    </test> <!-- Default test -->
  </suite> <!-- Default suite -->
</testng-results>
