<?xml version="1.0" encoding="UTF-8"?>
<!-- Generated by org.testng.reporters.JUnitXMLReporter -->
<testsuite ignored="0" hostname="DEEJAYDONNAA" failures="0" tests="3" name="Default test" time="110.617" errors="0" timestamp="2022-08-09T00:24:02 IST">
  <testcase classname="TestJava.LoginePageTest" name="verifyurlOfPage" time="0.016"/>
  <testcase classname="TestJava.LoginePageTest" name="verifyTitleOfPage" time="0.011"/>
  <testcase classname="TestJava.LoginePageTest" name="VerifyLogineFunctionality" time="74.242"/>
</testsuite> <!-- Default test -->
